-----------
IR SPECTRUM
-----------

 Mode   freq       eps      Int      T**2         TX        TY        TZ
       cm**-1   L/(mol*cm) km/mol    a.u.
----------------------------------------------------------------------------
  7:     47.45   0.000115    0.58  0.000753  ( 0.013975 -0.020226  0.012209)
  8:     98.07   0.000022    0.11  0.000069  ( 0.007316  0.000968 -0.003771)
  9:    118.86   0.006861   34.67  0.018014  ( 0.124459  0.000891  0.050231)
 10:    139.50   0.004258   21.52  0.009526  (-0.080084 -0.022574 -0.051019)
 11:    144.69   0.020086  101.51  0.043321  (-0.177463 -0.018503 -0.107169)
 12:    173.52   0.000239    1.21  0.000430  (-0.014247  0.013029  0.007544)
 13:    207.64   0.004053   20.48  0.006091  ( 0.041520 -0.020414  0.062855)
 14:    227.15   0.010553   53.33  0.014498  ( 0.093004  0.045601  0.061390)
 15:    279.50   0.036989  186.93  0.041299  ( 0.154558  0.018512  0.130644)
 16:    290.62   0.004521   22.85  0.004854  (-0.055213  0.006166 -0.042046)
 17:    297.79   0.002447   12.37  0.002565  ( 0.039862  0.025468 -0.018086)
 18:    315.00   0.001069    5.40  0.001059  ( 0.004362  0.031177  0.008261)
 19:    328.51   0.005334   26.96  0.005067  ( 0.052911 -0.008428  0.046870)
 20:    357.46   0.001063    5.37  0.000928  (-0.005160 -0.026031 -0.014950)
 21:    395.45   0.011331   57.26  0.008942  ( 0.015908 -0.074946 -0.055424)
 22:    497.68   0.002834   14.32  0.001777  ( 0.015462 -0.029593 -0.025732)
 23:    552.65   0.002264   11.44  0.001278  (-0.034041  0.000497 -0.010913)
 24:    562.94   0.163853  828.05  0.090832  ( 0.225941  0.044398  0.194451)
 25:    571.18   0.007052   35.64  0.003853  ( 0.011404 -0.043145 -0.043140)
 26:    658.21   0.000589    2.98  0.000279  ( 0.005690  0.009779 -0.012303)
 27:    703.52   0.030352  153.39  0.013463  ( 0.111551 -0.009079  0.030610)
 28:    709.99   0.056207  284.05  0.024705  (-0.149013  0.000336 -0.049999)
 29:    726.47   0.010003   50.55  0.004297  ( 0.024426  0.057936  0.018540)
 30:    755.34   0.009219   46.59  0.003809  ( 0.013363  0.004548  0.060079)
 31:    776.45   0.107346  542.48  0.043143  ( 0.179671  0.083033  0.062986)
 32:    790.97   0.059017  298.25  0.023284  ( 0.104516 -0.009559  0.110765)
 33:    858.96   0.011662   58.93  0.004237  (-0.021302 -0.013084  0.060099)
 34:    912.66   0.038573  194.93  0.013189  ( 0.061213 -0.070678  0.066686)
 35:   1066.56   0.018334   92.65  0.005364  (-0.026598  0.002307  0.068202)
 36:   1077.75   0.014192   71.72  0.004109  ( 0.003951  0.058473  0.025973)
 37:   3533.54   0.021179  107.03  0.001870  (-0.003311  0.024327 -0.035604)
 38:   3597.77   0.063991  323.38  0.005550  ( 0.070131 -0.014374  0.020628)

* The epsilon (eps) is given for a Dirac delta lineshape.
** The dipole moment derivative (T) already includes vibrational overlap.

--------------
RAMAN SPECTRUM  
--------------

 Mode    freq (cm**-1)   Activity   Depolarization
-------------------------------------------------------------------
   7:        47.45      0.603151      0.728203
   8:        98.07      2.288173      0.745867
   9:       118.86      3.548503      0.547088
  10:       139.50      9.716187      0.399985
  11:       144.69     15.970718      0.422556
  12:       173.52      3.629089      0.562347
  13:       207.64      1.551480      0.612189
  14:       227.15      1.646205      0.683553
  15:       279.50      1.109188      0.686353
  16:       290.62      5.292380      0.748361
  17:       297.79      2.123811      0.561064
  18:       315.00      1.859644      0.741201
  19:       328.51      5.046756      0.741266
  20:       357.46      2.316380      0.736425
  21:       395.45     26.818330      0.521823
  22:       497.68      6.416321      0.484687
  23:       552.65      0.610280      0.749772
  24:       562.94      0.972749      0.749874
  25:       571.18      4.627151      0.627501
  26:       658.21      1.228286      0.647919
  27:       703.52     11.064764      0.048374
  28:       709.99     29.250181      0.046454
  29:       726.47      2.640716      0.575673
  30:       755.34     11.097082      0.406265
  31:       776.45      6.676337      0.243164
  32:       790.97      5.887759      0.604589
  33:       858.96     21.024937      0.542713
  34:       912.66     13.778834      0.292262
  35:      1066.56     52.951774      0.310771
  36:      1077.75     39.221075      0.401722
  37:      3533.54    232.008614      0.286539
  38:      3597.77    526.120114      0.322429

The first frequency considered to be a vibration is 7
The total number of vibrations considered is 32